빌드 시작: 2014-07-17 오후 4:04:03
     1>2 노드의 "C:\Users\dypark\Dropbox\개인용\sGen_final_0717\sGen_final_0717\sGen_final_0717.vcxproj" 프로젝트(Build 대상)입니다.
     1>ClCompile:
         C:\Program Files (x86)\Microsoft Visual Studio 12.0\VC\bin\CL.exe /c /IC:\opencv\build\include /Zi /nologo /W3 /WX- /sdl /O2 /Oi /Oy- /GL /D WIN32 /D NDEBUG /D _CONSOLE /D _LIB /D _UNICODE /D UNICODE /Gm- /EHsc /MD /GS /Gy /fp:precise /Zc:wchar_t /Zc:forScope /Fo"Release\\" /Fd"Release\vc120.pdb" /Gd /TP /analyze- /errorReport:prompt dy_lib.cpp main.cpp
         dy_lib.cpp
     1>dy_lib.cpp(277): warning C4805: '!=' : 연산에 'INT' 형식과 'bool' 형식을 함께 사용하는 것은 안전하지 않습니다.
     1>dy_lib.cpp(494): warning C4101: 'i' :참조되지 않은 지역 변수입니다.
     1>dy_lib.cpp(495): warning C4101: 'size' :참조되지 않은 지역 변수입니다.
     1>dy_lib.cpp(496): warning C4101: 'rgbp' :참조되지 않은 지역 변수입니다.
     1>dy_lib.cpp(496): warning C4101: 'rgbPtr' :참조되지 않은 지역 변수입니다.
     1>dy_lib.cpp(496): warning C4101: 'buffer' :참조되지 않은 지역 변수입니다.
         main.cpp
     1>c:\opencv\build\include\opencv2\flann\dist.h : warning C4819: 현재 코드 페이지(949)에서 표시할 수 없는 문자가 파일에 들어 있습니다. 데이터가 손실되지 않게 하려면 해당 파일을 유니코드 형식으로 저장하십시오.
     1>main.cpp(28): warning C4101: 'i' :참조되지 않은 지역 변수입니다.
     1>main.cpp(28): warning C4101: 'j' :참조되지 않은 지역 변수입니다.
       Link:
         C:\Program Files (x86)\Microsoft Visual Studio 12.0\VC\bin\link.exe /ERRORREPORT:PROMPT /OUT:"C:\Users\dypark\Dropbox\개인용\sGen_final_0717\Release\sGen_final_0717.exe" /INCREMENTAL:NO /NOLOGO /LIBPATH:C:\opencv\build\x86\vc12\lib opencv_calib3d248d.lib opencv_contrib248d.lib opencv_core248d.lib opencv_features2d248d.lib opencv_flann248d.lib opencv_gpu248d.lib opencv_highgui248d.lib opencv_imgproc248d.lib opencv_legacy248d.lib opencv_ml248d.lib opencv_nonfree248d.lib opencv_objdetect248d.lib opencv_photo248d.lib opencv_stitching248d.lib opencv_superres248d.lib opencv_ts248d.lib opencv_video248d.lib opencv_videostab248d.lib kernel32.lib user32.lib gdi32.lib winspool.lib comdlg32.lib advapi32.lib shell32.lib ole32.lib oleaut32.lib uuid.lib odbc32.lib odbccp32.lib /MANIFEST /MANIFESTUAC:"level='asInvoker' uiAccess='false'" /manifest:embed /DEBUG /PDB:"C:\Users\dypark\Dropbox\개인용\sGen_final_0717\Release\sGen_final_0717.pdb" /SUBSYSTEM:CONSOLE /OPT:REF /OPT:ICF /LTCG /TLBID:1 /DYNAMICBASE /NXCOMPAT /IMPLIB:"C:\Users\dypark\Dropbox\개인용\sGen_final_0717\Release\sGen_final_0717.lib" /MACHINE:X86 /SAFESEH Release\dy_lib.obj
         Release\main.obj
         코드를 생성하고 있습니다.
         코드를 생성했습니다.
         sGen_final_0717.vcxproj -> C:\Users\dypark\Dropbox\개인용\sGen_final_0717\Release\sGen_final_0717.exe
     1>"C:\Users\dypark\Dropbox\개인용\sGen_final_0717\sGen_final_0717\sGen_final_0717.vcxproj" 프로젝트를 빌드했습니다(Build 대상).

빌드했습니다.

경과 시간: 00:00:04.39
