빌드 시작: 2014-07-31 오후 8:32:34
     1>2 노드의 "C:\Users\dypark\Desktop\Workspace\sgen_final\sGen_final_0717\sGen_final_0717\sGen_final_0717.vcxproj" 프로젝트(Build 대상)입니다.
     1>ClCompile:
         C:\Program Files (x86)\Microsoft Visual Studio 12.0\VC\bin\CL.exe /c /IC:\opencv\build\include /ZI /nologo /W3 /WX- /sdl /Od /Oy- /D WIN32 /D _DEBUG /D _CONSOLE /D _LIB /D _UNICODE /D UNICODE /Gm /EHsc /RTC1 /MDd /GS /fp:precise /Zc:wchar_t /Zc:forScope /Fo"Debug\\" /Fd"Debug\vc120.pdb" /Gd /TP /analyze- /errorReport:prompt main.cpp
         main.cpp
     1>c:\opencv\build\include\opencv2\flann\dist.h : warning C4819: 현재 코드 페이지(949)에서 표시할 수 없는 문자가 파일에 들어 있습니다. 데이터가 손실되지 않게 하려면 해당 파일을 유니코드 형식으로 저장하십시오.
     1>c:\users\dypark\desktop\workspace\sgen_final\sgen_final_0717\sgen_final_0717\basic.h(67): warning C4244: '인수' : 'float'에서 'int'(으)로 변환하면서 데이터가 손실될 수 있습니다.
     1>c:\users\dypark\desktop\workspace\sgen_final\sgen_final_0717\sgen_final_0717\basic.h(68): warning C4244: '인수' : 'double'에서 'int'(으)로 변환하면서 데이터가 손실될 수 있습니다.
     1>c:\users\dypark\desktop\workspace\sgen_final\sgen_final_0717\sgen_final_0717\basic.h(70): warning C4244: '인수' : 'double'에서 'int'(으)로 변환하면서 데이터가 손실될 수 있습니다.
     1>c:\users\dypark\desktop\workspace\sgen_final\sgen_final_0717\sgen_final_0717\main.cpp(42): warning C4101: 'le' :참조되지 않은 지역 변수입니다.
     1>c:\users\dypark\desktop\workspace\sgen_final\sgen_final_0717\sgen_final_0717\main.cpp(36): warning C4101: 'resultSet' :참조되지 않은 지역 변수입니다.
     1>c:\users\dypark\desktop\workspace\sgen_final\sgen_final_0717\sgen_final_0717\main.cpp(40): warning C4101: 're2' :참조되지 않은 지역 변수입니다.
     1>c:\users\dypark\desktop\workspace\sgen_final\sgen_final_0717\sgen_final_0717\main.cpp(32): warning C4101: 'i' :참조되지 않은 지역 변수입니다.
     1>c:\users\dypark\desktop\workspace\sgen_final\sgen_final_0717\sgen_final_0717\main.cpp(42): warning C4101: 'ri' :참조되지 않은 지역 변수입니다.
     1>c:\users\dypark\desktop\workspace\sgen_final\sgen_final_0717\sgen_final_0717\main.cpp(43): warning C4101: 'view' :참조되지 않은 지역 변수입니다.
     1>c:\users\dypark\desktop\workspace\sgen_final\sgen_final_0717\sgen_final_0717\main.cpp(40): warning C4101: 're' :참조되지 않은 지역 변수입니다.
     1>c:\users\dypark\desktop\workspace\sgen_final\sgen_final_0717\sgen_final_0717\main.cpp(32): warning C4101: 'j' :참조되지 않은 지역 변수입니다.
       Link:
         C:\Program Files (x86)\Microsoft Visual Studio 12.0\VC\bin\link.exe /ERRORREPORT:PROMPT /OUT:"C:\Users\dypark\Desktop\Workspace\sgen_final\sGen_final_0717\Debug\sGen_final_0717.exe" /INCREMENTAL /NOLOGO /LIBPATH:C:\opencv\build\x86\vc12\lib opencv_calib3d248d.lib opencv_contrib248d.lib opencv_core248d.lib opencv_features2d248d.lib opencv_flann248d.lib opencv_gpu248d.lib opencv_highgui248d.lib opencv_imgproc248d.lib opencv_legacy248d.lib opencv_ml248d.lib opencv_nonfree248d.lib opencv_objdetect248d.lib opencv_photo248d.lib opencv_stitching248d.lib opencv_superres248d.lib opencv_ts248d.lib opencv_video248d.lib opencv_videostab248d.lib kernel32.lib user32.lib gdi32.lib winspool.lib comdlg32.lib advapi32.lib shell32.lib ole32.lib oleaut32.lib uuid.lib odbc32.lib odbccp32.lib /MANIFEST /MANIFESTUAC:"level='asInvoker' uiAccess='false'" /manifest:embed /DEBUG /PDB:"C:\Users\dypark\Desktop\Workspace\sgen_final\sGen_final_0717\Debug\sGen_final_0717.pdb" /SUBSYSTEM:CONSOLE /TLBID:1 /DYNAMICBASE /NXCOMPAT /IMPLIB:"C:\Users\dypark\Desktop\Workspace\sgen_final\sGen_final_0717\Debug\sGen_final_0717.lib" /MACHINE:X86 Debug\0731.obj
         Debug\basic.obj
         Debug\ctmf.obj
         Debug\dy_lib.obj
         Debug\kruskal.obj
         Debug\main.obj
         Debug\runSM.obj
         Debug\nonlocal.obj
         Debug\readPPM.obj
         Debug\test.obj
         Debug\treeFilter.obj
         sGen_final_0717.vcxproj -> C:\Users\dypark\Desktop\Workspace\sgen_final\sGen_final_0717\Debug\sGen_final_0717.exe
     1>"C:\Users\dypark\Desktop\Workspace\sgen_final\sGen_final_0717\sGen_final_0717\sGen_final_0717.vcxproj" 프로젝트를 빌드했습니다(Build 대상).

빌드했습니다.

경과 시간: 00:00:02.14
